<?xml version="1.0" encoding="UTF-8"?>
<!-- Generated by org.testng.reporters.JUnitReportReporter -->
<testsuite hostname="DESKTOP-TROT5AG" failures="0" tests="1" name="com.numpy_ninja.dsalgo.arrays.test.navigate_to_arrrays_page" time="13.556" errors="0" timestamp="08 Nov 2021 23:21:49 GMT" skipped="0">
  <testcase classname="com.numpy_ninja.dsalgo.arrays.test.navigate_to_arrrays_page" name="dsintropage_navigation" time="13.556"/>
</testsuite> <!-- com.numpy_ninja.dsalgo.arrays.test.navigate_to_arrrays_page -->
