<?xml version="1.0" encoding="UTF-8"?>
<!-- Generated by org.testng.reporters.JUnitReportReporter -->
<testsuite hostname="DESKTOP-TROT5AG" failures="0" tests="4" name="com.numpy_ninja.dsalgo.arrays.test.arrays_using_list_tryeditor_test" time="19.281" errors="0" timestamp="08 Nov 2021 23:21:49 GMT" skipped="0">
  <testcase classname="com.numpy_ninja.dsalgo.arrays.test.arrays_using_list_tryeditor_test" name="dsintropage_navigation" time="7.706"/>
  <testcase classname="com.numpy_ninja.dsalgo.arrays.test.arrays_using_list_tryeditor_test" name="array_links_validation" time="1.942"/>
  <testcase classname="com.numpy_ninja.dsalgo.arrays.test.arrays_using_list_tryeditor_test" name="validCode_validation" time="4.892"/>
  <testcase classname="com.numpy_ninja.dsalgo.arrays.test.arrays_using_list_tryeditor_test" name="invalidfile_validation" time="4.741"/>
</testsuite> <!-- com.numpy_ninja.dsalgo.arrays.test.arrays_using_list_tryeditor_test -->
