<?xml version="1.0" encoding="UTF-8"?>
<!-- Generated by org.testng.reporters.JUnitReportReporter -->
<testsuite hostname="DESKTOP-TROT5AG" failures="0" tests="1" name="com.numpy_ninja.dsalgo.tests.DS_Intro2" time="1.787" errors="0" timestamp="30 Oct 2021 23:25:40 GMT" skipped="0">
  <testcase classname="com.numpy_ninja.dsalgo.tests.DS_Intro2" name="testcase2" time="1.787"/>
</testsuite> <!-- com.numpy_ninja.dsalgo.tests.DS_Intro2 -->
