<?xml version="1.0" encoding="UTF-8"?>
<!-- Generated by org.testng.reporters.JUnitReportReporter -->
<testsuite hostname="DESKTOP-TROT5AG" failures="0" tests="2" name="com.numpy_ninja.dsalgo.utilities.read_testdata" time="13.064" errors="0" timestamp="01 Nov 2021 04:29:14 GMT" skipped="0">
  <testcase classname="com.numpy_ninja.dsalgo.utilities.read_testdata" name="logintohomepage" time="6.567"/>
  <testcase classname="com.numpy_ninja.dsalgo.utilities.read_testdata" name="logintohomepage" time="6.497"/>
</testsuite> <!-- com.numpy_ninja.dsalgo.utilities.read_testdata -->
