<?xml version="1.0" encoding="UTF-8"?>
<!-- Generated by org.testng.reporters.JUnitReportReporter -->
<testsuite hostname="DESKTOP-TROT5AG" failures="0" tests="1" name="com.numpy_ninja.dsalgo.extrafile.ExistingUser_LoginTest" time="7.000" errors="0" timestamp="17 Nov 2021 14:41:47 GMT" skipped="0">
  <testcase classname="com.numpy_ninja.dsalgo.extrafile.ExistingUser_LoginTest" name="testcase2" time="7.000"/>
</testsuite> <!-- com.numpy_ninja.dsalgo.extrafile.ExistingUser_LoginTest -->
