<?xml version="1.0" encoding="UTF-8"?>
<!-- Generated by org.testng.reporters.JUnitReportReporter -->
<testsuite hostname="DESKTOP-TROT5AG" failures="0" tests="4" name="com.numpy_ninja.dsalgo.arrays.practicques.find_numbers_even_digits" time="27.406" errors="0" timestamp="08 Nov 2021 23:21:49 GMT" skipped="0">
  <testcase classname="com.numpy_ninja.dsalgo.arrays.practicques.find_numbers_even_digits" name="dsintropage_navigation" time="13.692"/>
  <testcase classname="com.numpy_ninja.dsalgo.arrays.practicques.find_numbers_even_digits" name="navigate_to_practicequestions" time="3.911"/>
  <testcase classname="com.numpy_ninja.dsalgo.arrays.practicques.find_numbers_even_digits" name="validCode_validation" time="4.936"/>
  <testcase classname="com.numpy_ninja.dsalgo.arrays.practicques.find_numbers_even_digits" name="invalidfile_validation" time="4.867"/>
</testsuite> <!-- com.numpy_ninja.dsalgo.arrays.practicques.find_numbers_even_digits -->
