<?xml version="1.0" encoding="UTF-8"?>
<!-- Generated by org.testng.reporters.JUnitReportReporter -->
<testsuite hostname="DESKTOP-TROT5AG" failures="0" tests="1" name="com.numpy_ninja.dsalgo.dsintro.test.dsIntroPage_Test" time="6.071" errors="0" timestamp="24 Nov 2021 04:17:13 GMT" skipped="0">
  <testcase classname="com.numpy_ninja.dsalgo.dsintro.test.dsIntroPage_Test" name="dsintropage_navigation" time="6.071"/>
</testsuite> <!-- com.numpy_ninja.dsalgo.dsintro.test.dsIntroPage_Test -->
