<?xml version="1.0" encoding="UTF-8"?>
<!-- Generated by org.testng.reporters.JUnitReportReporter -->
<testsuite hostname="DESKTOP-TROT5AG" failures="0" tests="2" name="com.numpy_ninja.dsalgo.arrays.practicques.practicequestions_Page" time="24.086" errors="0" timestamp="08 Nov 2021 23:21:49 GMT" skipped="0">
  <testcase classname="com.numpy_ninja.dsalgo.arrays.practicques.practicequestions_Page" name="dsintropage_navigation" time="22.535"/>
  <testcase classname="com.numpy_ninja.dsalgo.arrays.practicques.practicequestions_Page" name="navigate_to_practicequestions" time="1.551"/>
</testsuite> <!-- com.numpy_ninja.dsalgo.arrays.practicques.practicequestions_Page -->
