<?xml version="1.0" encoding="UTF-8"?>
<!-- Generated by org.testng.reporters.JUnitReportReporter -->
<testsuite hostname="DESKTOP-TROT5AG" failures="0" tests="5" name="com.numpy_ninja.dsalgo.arrays.practicques.search_the_array" time="26.874" errors="0" timestamp="08 Nov 2021 23:21:49 GMT" skipped="0">
  <testcase classname="com.numpy_ninja.dsalgo.arrays.practicques.search_the_array" name="dsintropage_navigation" time="14.101"/>
  <testcase classname="com.numpy_ninja.dsalgo.arrays.practicques.search_the_array" name="navigate_to_practicequestions" time="2.842"/>
  <testcase classname="com.numpy_ninja.dsalgo.arrays.practicques.search_the_array" name="validcode_validation" time="4.936"/>
  <testcase classname="com.numpy_ninja.dsalgo.arrays.practicques.search_the_array" name="submit_functionality" time="0.184"/>
  <testcase classname="com.numpy_ninja.dsalgo.arrays.practicques.search_the_array" name="invalidecode_validation" time="4.811"/>
</testsuite> <!-- com.numpy_ninja.dsalgo.arrays.practicques.search_the_array -->
