<?xml version="1.0" encoding="UTF-8"?>
<!-- Generated by org.testng.reporters.JUnitReportReporter -->
<testsuite hostname="DESKTOP-TROT5AG" failures="0" tests="2" name="com.numpy_ninja.dsalgo.tests.DS_Intro" time="15.148" errors="0" timestamp="30 Oct 2021 23:49:18 GMT" skipped="0">
  <testcase classname="com.numpy_ninja.dsalgo.tests.DS_Intro" name="testcase2" time="6.441"/>
  <testcase classname="com.numpy_ninja.dsalgo.tests.DS_Intro" name="DSintropage" time="8.707"/>
</testsuite> <!-- com.numpy_ninja.dsalgo.tests.DS_Intro -->
