<?xml version="1.0" encoding="UTF-8"?>
<!-- Generated by org.testng.reporters.JUnitReportReporter -->
<testsuite hostname="DESKTOP-TROT5AG" failures="0" tests="4" name="com.numpy_ninja.dsalgo.dsintro.test.timeComplexity_tryEditorPage_test" time="22.744" errors="0" timestamp="08 Nov 2021 23:21:49 GMT" skipped="0">
  <testcase classname="com.numpy_ninja.dsalgo.dsintro.test.timeComplexity_tryEditorPage_test" name="navigate_to_dsintropage" time="7.736"/>
  <testcase classname="com.numpy_ninja.dsalgo.dsintro.test.timeComplexity_tryEditorPage_test" name="navigate_to_timecomplexity" time="4.532"/>
  <testcase classname="com.numpy_ninja.dsalgo.dsintro.test.timeComplexity_tryEditorPage_test" name="validCode_validation" time="5.641"/>
  <testcase classname="com.numpy_ninja.dsalgo.dsintro.test.timeComplexity_tryEditorPage_test" name="invalidecode_validation" time="4.835"/>
</testsuite> <!-- com.numpy_ninja.dsalgo.dsintro.test.timeComplexity_tryEditorPage_test -->
