<?xml version="1.0" encoding="UTF-8"?>
<!-- Generated by org.testng.reporters.JUnitReportReporter -->
<testsuite hostname="DESKTOP-TROT5AG" failures="0" tests="4" name="com.numpy_ninja.dsalgo.arrays.practicques.squares_sorted_array_Page" time="43.191" errors="0" timestamp="08 Nov 2021 23:21:49 GMT" skipped="0">
  <testcase classname="com.numpy_ninja.dsalgo.arrays.practicques.squares_sorted_array_Page" name="dsintropage_navigation" time="21.978"/>
  <testcase classname="com.numpy_ninja.dsalgo.arrays.practicques.squares_sorted_array_Page" name="navigate_to_practicequestions" time="10.972"/>
  <testcase classname="com.numpy_ninja.dsalgo.arrays.practicques.squares_sorted_array_Page" name="validCode_validation" time="5.405"/>
  <testcase classname="com.numpy_ninja.dsalgo.arrays.practicques.squares_sorted_array_Page" name="invalidfile_validation" time="4.836"/>
</testsuite> <!-- com.numpy_ninja.dsalgo.arrays.practicques.squares_sorted_array_Page -->
