<?xml version="1.0" encoding="UTF-8"?>
<!-- Generated by org.testng.reporters.JUnitReportReporter -->
<testsuite hostname="DESKTOP-TROT5AG" failures="0" tests="4" name="com.numpy_ninja.dsalgo.arrays.test.basic_operationis_list_tryeditor_test" time="28.511" errors="0" timestamp="08 Nov 2021 23:21:49 GMT" skipped="0">
  <testcase classname="com.numpy_ninja.dsalgo.arrays.test.basic_operationis_list_tryeditor_test" name="dsintropage_navigation" time="13.704"/>
  <testcase classname="com.numpy_ninja.dsalgo.arrays.test.basic_operationis_list_tryeditor_test" name="array_links_validation" time="5.279"/>
  <testcase classname="com.numpy_ninja.dsalgo.arrays.test.basic_operationis_list_tryeditor_test" name="validCode_validation" time="4.830"/>
  <testcase classname="com.numpy_ninja.dsalgo.arrays.test.basic_operationis_list_tryeditor_test" name="invalidecode_validation" time="4.698"/>
</testsuite> <!-- com.numpy_ninja.dsalgo.arrays.test.basic_operationis_list_tryeditor_test -->
