<?xml version="1.0" encoding="UTF-8"?>
<!-- Generated by org.testng.reporters.JUnitReportReporter -->
<testsuite hostname="DESKTOP-TROT5AG" failures="0" tests="2" name="com.numpy_ninja.dsalgo.tests.register_Page_Validation" time="8.491" errors="0" timestamp="08 Nov 2021 23:21:49 GMT" skipped="0">
  <testcase classname="com.numpy_ninja.dsalgo.tests.register_Page_Validation" name="navigate_to_login" time="7.455"/>
  <testcase classname="com.numpy_ninja.dsalgo.tests.register_Page_Validation" name="invalid_login_detils" time="1.036"/>
</testsuite> <!-- com.numpy_ninja.dsalgo.tests.register_Page_Validation -->
