<?xml version="1.0" encoding="UTF-8"?>
<!-- Generated by org.testng.reporters.JUnitReportReporter -->
<testsuite hostname="DESKTOP-TROT5AG" failures="0" tests="6" name="com.numpy_ninja.dsalgo.arrays.test.arrays_in_python_tryeditor_test" time="26.803" errors="0" timestamp="08 Nov 2021 23:21:49 GMT" skipped="0">
  <testcase classname="com.numpy_ninja.dsalgo.arrays.test.arrays_in_python_tryeditor_test" name="dsintropage_navigation" time="7.812"/>
  <testcase classname="com.numpy_ninja.dsalgo.arrays.test.arrays_in_python_tryeditor_test" name="array_links_validation" time="2.484"/>
  <testcase classname="com.numpy_ninja.dsalgo.arrays.test.arrays_in_python_tryeditor_test" name="test_run_button" time="2.210"/>
  <testcase classname="com.numpy_ninja.dsalgo.arrays.test.arrays_in_python_tryeditor_test" name="validCode_validation" time="4.904"/>
  <testcase classname="com.numpy_ninja.dsalgo.arrays.test.arrays_in_python_tryeditor_test" name="invalidecode_validation" time="4.831"/>
  <testcase classname="com.numpy_ninja.dsalgo.arrays.test.arrays_in_python_tryeditor_test" name="invalidfile_validation" time="4.562"/>
</testsuite> <!-- com.numpy_ninja.dsalgo.arrays.test.arrays_in_python_tryeditor_test -->
