<?xml version="1.0" encoding="UTF-8"?>
<!-- Generated by org.testng.reporters.JUnitReportReporter -->
<testsuite hostname="DESKTOP-TROT5AG" failures="0" tests="1" name="com.numpy_ninja.dsalgo.extrafile.ExistingUser_LoginTest_baseclass" time="7.266" errors="0" timestamp="18 Nov 2021 21:02:16 GMT" skipped="0">
  <testcase classname="com.numpy_ninja.dsalgo.extrafile.ExistingUser_LoginTest_baseclass" name="testcase2" time="7.266"/>
</testsuite> <!-- com.numpy_ninja.dsalgo.extrafile.ExistingUser_LoginTest_baseclass -->
