<?xml version="1.0" encoding="UTF-8"?>
<!-- Generated by org.testng.reporters.JUnitReportReporter -->
<testsuite hostname="DESKTOP-TROT5AG" failures="0" tests="1" name="com.numpy_ninja.dsalgo.tests.ExistingUser_LoginTest" time="5.543" errors="0" timestamp="16 Nov 2021 18:38:38 GMT" skipped="0">
  <testcase classname="com.numpy_ninja.dsalgo.tests.ExistingUser_LoginTest" name="testcase2" time="5.543"/>
</testsuite> <!-- com.numpy_ninja.dsalgo.tests.ExistingUser_LoginTest -->
