<?xml version="1.0" encoding="UTF-8"?>
<!-- Generated by org.testng.reporters.JUnitReportReporter -->
<testsuite hostname="DESKTOP-TROT5AG" failures="0" tests="2" name="com.numpy_ninja.dsalgo.tests.register_Newuser_login" time="4.861" errors="0" timestamp="02 Nov 2021 19:13:42 GMT" skipped="0">
  <testcase classname="com.numpy_ninja.dsalgo.tests.register_Newuser_login" name="navigate_to_login" time="4.521"/>
  <testcase classname="com.numpy_ninja.dsalgo.tests.register_Newuser_login" name="invalid_login_detils" time="0.340"/>
</testsuite> <!-- com.numpy_ninja.dsalgo.tests.register_Newuser_login -->
