<?xml version="1.0" encoding="UTF-8"?>
<!-- Generated by org.testng.reporters.JUnitReportReporter -->
<testsuite hostname="DESKTOP-TROT5AG" failures="0" tests="1" name="com.numpy_ninja.dsalgo.dsintro.test.timeComplexity_Page_test" time="28.694" errors="0" timestamp="08 Nov 2021 23:21:49 GMT" skipped="0">
  <testcase classname="com.numpy_ninja.dsalgo.dsintro.test.timeComplexity_Page_test" name="navigate_to_timecomplexity" time="28.694"/>
</testsuite> <!-- com.numpy_ninja.dsalgo.dsintro.test.timeComplexity_Page_test -->
