<?xml version="1.0" encoding="UTF-8"?>
<!-- Generated by org.testng.reporters.JUnitReportReporter -->
<testsuite hostname="DESKTOP-TROT5AG" failures="0" tests="5" name="com.numpy_ninja.dsalgo.arrays.test.applications_of_array_tryeditor_test" time="29.559" errors="0" timestamp="08 Nov 2021 23:21:49 GMT" skipped="0">
  <testcase classname="com.numpy_ninja.dsalgo.arrays.test.applications_of_array_tryeditor_test" name="dsintropage_navigation" time="12.446"/>
  <testcase classname="com.numpy_ninja.dsalgo.arrays.test.applications_of_array_tryeditor_test" name="array_links_validation" time="2.443"/>
  <testcase classname="com.numpy_ninja.dsalgo.arrays.test.applications_of_array_tryeditor_test" name="validCode_validation" time="4.952"/>
  <testcase classname="com.numpy_ninja.dsalgo.arrays.test.applications_of_array_tryeditor_test" name="invalidecode_validation" time="4.708"/>
  <testcase classname="com.numpy_ninja.dsalgo.arrays.test.applications_of_array_tryeditor_test" name="invalidfile_validation" time="5.010"/>
</testsuite> <!-- com.numpy_ninja.dsalgo.arrays.test.applications_of_array_tryeditor_test -->
