<?xml version="1.0" encoding="UTF-8"?>
<!-- Generated by org.testng.reporters.JUnitReportReporter -->
<testsuite hostname="DESKTOP-TROT5AG" failures="0" tests="2" name="com.numpy_ninja.dsalgo.arrays.test.links_validation_at_Array_page" time="25.793" errors="0" timestamp="08 Nov 2021 23:21:49 GMT" skipped="0">
  <testcase classname="com.numpy_ninja.dsalgo.arrays.test.links_validation_at_Array_page" name="dsintropage_navigation" time="10.345"/>
  <testcase classname="com.numpy_ninja.dsalgo.arrays.test.links_validation_at_Array_page" name="array_links_validation" time="15.448"/>
</testsuite> <!-- com.numpy_ninja.dsalgo.arrays.test.links_validation_at_Array_page -->
