<?xml version="1.0" encoding="UTF-8"?>
<!-- Generated by org.testng.reporters.JUnitReportReporter -->
<testsuite hostname="DESKTOP-TROT5AG" failures="0" tests="4" name="com.numpy_ninja.dsalgo.arrays.practicques.max_consecutive_ones_Page" time="24.494" errors="0" timestamp="08 Nov 2021 23:21:49 GMT" skipped="0">
  <testcase classname="com.numpy_ninja.dsalgo.arrays.practicques.max_consecutive_ones_Page" name="dsintropage_navigation" time="11.238"/>
  <testcase classname="com.numpy_ninja.dsalgo.arrays.practicques.max_consecutive_ones_Page" name="navigate_to_practicequestions" time="3.699"/>
  <testcase classname="com.numpy_ninja.dsalgo.arrays.practicques.max_consecutive_ones_Page" name="validCode_validation" time="4.755"/>
  <testcase classname="com.numpy_ninja.dsalgo.arrays.practicques.max_consecutive_ones_Page" name="invalidfile_validation" time="4.802"/>
</testsuite> <!-- com.numpy_ninja.dsalgo.arrays.practicques.max_consecutive_ones_Page -->
